Couldn't retain /home/rohit/.atom/recovery/duns_number-fac33e.py. Code: ENOENT. Message: ENOENT: no such file or directory, open '/home/rohit/.atom/recovery/duns_number-fac33e.py'
Couldn't retain /home/rohit/.atom/recovery/duns_number-d75817.py. Code: ENOENT. Message: ENOENT: no such file or directory, open '/home/rohit/.atom/recovery/duns_number-d75817.py'
Couldn't retain /home/rohit/.atom/recovery/duns_number-bbf5e1.py. Code: ENOENT. Message: ENOENT: no such file or directory, open '/home/rohit/.atom/recovery/duns_number-bbf5e1.py'
Couldn't retain /home/rohit/.atom/recovery/duns_number-54b0d0.py. Code: ENOENT. Message: ENOENT: no such file or directory, open '/home/rohit/.atom/recovery/duns_number-54b0d0.py'
Couldn't retain /home/rohit/.atom/recovery/duns_number-ddcc68.py. Code: ENOENT. Message: ENOENT: no such file or directory, open '/home/rohit/.atom/recovery/duns_number-ddcc68.py'
Couldn't retain /home/rohit/.atom/recovery/duns_number-413c36.py. Code: ENOENT. Message: ENOENT: no such file or directory, open '/home/rohit/.atom/recovery/duns_number-413c36.py'
Couldn't retain /home/rohit/.atom/recovery/duns_number-0b495c.py. Code: ENOENT. Message: ENOENT: no such file or directory, open '/home/rohit/.atom/recovery/duns_number-0b495c.py'
Couldn't retain /home/rohit/.atom/recovery/duns_number-ad57e3.py. Code: ENOENT. Message: ENOENT: no such file or directory, open '/home/rohit/.atom/recovery/duns_number-ad57e3.py'
Couldn't retain /home/rohit/.atom/recovery/duns_number-413a83.py. Code: ENOENT. Message: ENOENT: no such file or directory, open '/home/rohit/.atom/recovery/duns_number-413a83.py'
Couldn't retain /home/rohit/.atom/recovery/duns_number-20d76e.py. Code: ENOENT. Message: ENOENT: no such file or directory, open '/home/rohit/.atom/recovery/duns_number-20d76e.py'
Couldn't retain /home/rohit/.atom/recovery/duns_number-9cb3a8.py. Code: ENOENT. Message: ENOENT: no such file or directory, open '/home/rohit/.atom/recovery/duns_number-9cb3a8.py'
Couldn't retain /home/rohit/.atom/recovery/duns_number-dfd139.py. Code: ENOENT. Message: ENOENT: no such file or directory, open '/home/rohit/.atom/recovery/duns_number-dfd139.py'
Couldn't retain /home/rohit/.atom/recovery/duns_number-3ca23f.py. Code: ENOENT. Message: ENOENT: no such file or directory, open '/home/rohit/.atom/recovery/duns_number-3ca23f.py'
Couldn't retain /home/rohit/.atom/recovery/duns_number-430328.py. Code: ENOENT. Message: ENOENT: no such file or directory, open '/home/rohit/.atom/recovery/duns_number-430328.py'
Couldn't retain /home/rohit/.atom/recovery/duns_number-dab081.py. Code: ENOENT. Message: ENOENT: no such file or directory, open '/home/rohit/.atom/recovery/duns_number-dab081.py'
Couldn't retain /home/rohit/.atom/recovery/duns_number-1a4e4c.py. Code: ENOENT. Message: ENOENT: no such file or directory, open '/home/rohit/.atom/recovery/duns_number-1a4e4c.py'
Couldn't retain /home/rohit/.atom/recovery/duns_number-4ab3e1.py. Code: ENOENT. Message: ENOENT: no such file or directory, open '/home/rohit/.atom/recovery/duns_number-4ab3e1.py'
Couldn't retain /home/rohit/.atom/recovery/duns_number-3ff02d.py. Code: ENOENT. Message: ENOENT: no such file or directory, open '/home/rohit/.atom/recovery/duns_number-3ff02d.py'
Couldn't retain /home/rohit/.atom/recovery/duns_number-928018.py. Code: ENOENT. Message: ENOENT: no such file or directory, open '/home/rohit/.atom/recovery/duns_number-928018.py'
Couldn't retain /home/rohit/.atom/recovery/duns_number-6a1c56.py. Code: ENOENT. Message: ENOENT: no such file or directory, open '/home/rohit/.atom/recovery/duns_number-6a1c56.py'
Couldn't retain /home/rohit/.atom/recovery/duns_number-a6cc7f.py. Code: ENOENT. Message: ENOENT: no such file or directory, open '/home/rohit/.atom/recovery/duns_number-a6cc7f.py'
Couldn't retain /home/rohit/.atom/recovery/duns_number-ede2be.py. Code: ENOENT. Message: ENOENT: no such file or directory, open '/home/rohit/.atom/recovery/duns_number-ede2be.py'
Couldn't retain /home/rohit/.atom/recovery/duns_number-86603b.py. Code: ENOENT. Message: ENOENT: no such file or directory, open '/home/rohit/.atom/recovery/duns_number-86603b.py'
Couldn't retain /home/rohit/.atom/recovery/duns_number-1396a9.py. Code: ENOENT. Message: ENOENT: no such file or directory, open '/home/rohit/.atom/recovery/duns_number-1396a9.py'
Couldn't retain /home/rohit/.atom/recovery/duns_number-8779a5.py. Code: ENOENT. Message: ENOENT: no such file or directory, open '/home/rohit/.atom/recovery/duns_number-8779a5.py'
Couldn't retain /home/rohit/.atom/recovery/duns_number-bdd95b.py. Code: ENOENT. Message: ENOENT: no such file or directory, open '/home/rohit/.atom/recovery/duns_number-bdd95b.py'
Couldn't retain /home/rohit/.atom/recovery/duns_number-960b02.py. Code: ENOENT. Message: ENOENT: no such file or directory, open '/home/rohit/.atom/recovery/duns_number-960b02.py'
Couldn't retain /home/rohit/.atom/recovery/duns_number-1cb754.py. Code: ENOENT. Message: ENOENT: no such file or directory, open '/home/rohit/.atom/recovery/duns_number-1cb754.py'
Couldn't retain /home/rohit/.atom/recovery/duns_number-acb253.py. Code: ENOENT. Message: ENOENT: no such file or directory, open '/home/rohit/.atom/recovery/duns_number-acb253.py'
Couldn't retain /home/rohit/.atom/recovery/duns_number-1821f4.py. Code: ENOENT. Message: ENOENT: no such file or directory, open '/home/rohit/.atom/recovery/duns_number-1821f4.py'
Couldn't retain /home/rohit/.atom/recovery/duns_number-c50843.py. Code: ENOENT. Message: ENOENT: no such file or directory, open '/home/rohit/.atom/recovery/duns_number-c50843.py'
Couldn't retain /home/rohit/.atom/recovery/duns_number-8026a5.py. Code: ENOENT. Message: ENOENT: no such file or directory, open '/home/rohit/.atom/recovery/duns_number-8026a5.py'
Couldn't retain /home/rohit/.atom/recovery/duns_number-6d0a07.py. Code: ENOENT. Message: ENOENT: no such file or directory, open '/home/rohit/.atom/recovery/duns_number-6d0a07.py'
Couldn't retain /home/rohit/.atom/recovery/duns_number-cd8f10.py. Code: ENOENT. Message: ENOENT: no such file or directory, open '/home/rohit/.atom/recovery/duns_number-cd8f10.py'
Couldn't retain /home/rohit/.atom/recovery/duns_number-ab21f0.py. Code: ENOENT. Message: ENOENT: no such file or directory, open '/home/rohit/.atom/recovery/duns_number-ab21f0.py'
Couldn't retain /home/rohit/.atom/recovery/duns_number-455d4b.py. Code: ENOENT. Message: ENOENT: no such file or directory, open '/home/rohit/.atom/recovery/duns_number-455d4b.py'
Couldn't retain /home/rohit/.atom/recovery/duns_number-4beae6.py. Code: ENOENT. Message: ENOENT: no such file or directory, open '/home/rohit/.atom/recovery/duns_number-4beae6.py'
Couldn't retain /home/rohit/.atom/recovery/duns_number-abe46d.py. Code: ENOENT. Message: ENOENT: no such file or directory, open '/home/rohit/.atom/recovery/duns_number-abe46d.py'
Couldn't retain /home/rohit/.atom/recovery/duns_number-d18a3a.py. Code: ENOENT. Message: ENOENT: no such file or directory, open '/home/rohit/.atom/recovery/duns_number-d18a3a.py'
Couldn't retain /home/rohit/.atom/recovery/duns_number-e41bbc.py. Code: ENOENT. Message: ENOENT: no such file or directory, open '/home/rohit/.atom/recovery/duns_number-e41bbc.py'
Couldn't retain /home/rohit/.atom/recovery/duns_number-86128b.py. Code: ENOENT. Message: ENOENT: no such file or directory, open '/home/rohit/.atom/recovery/duns_number-86128b.py'
Couldn't retain /home/rohit/.atom/recovery/duns_number-aac27b.py. Code: ENOENT. Message: ENOENT: no such file or directory, open '/home/rohit/.atom/recovery/duns_number-aac27b.py'
Couldn't retain /home/rohit/.atom/recovery/duns_number-0244ef.py. Code: ENOENT. Message: ENOENT: no such file or directory, open '/home/rohit/.atom/recovery/duns_number-0244ef.py'
Couldn't retain /home/rohit/.atom/recovery/duns_number-65a06e.py. Code: ENOENT. Message: ENOENT: no such file or directory, open '/home/rohit/.atom/recovery/duns_number-65a06e.py'
Couldn't retain /home/rohit/.atom/recovery/duns_number-be6255.py. Code: ENOENT. Message: ENOENT: no such file or directory, open '/home/rohit/.atom/recovery/duns_number-be6255.py'
Couldn't retain /home/rohit/.atom/recovery/duns_number-fd6c1c.py. Code: ENOENT. Message: ENOENT: no such file or directory, open '/home/rohit/.atom/recovery/duns_number-fd6c1c.py'
Couldn't retain /home/rohit/.atom/recovery/duns_number-4eb4a5.py. Code: ENOENT. Message: ENOENT: no such file or directory, open '/home/rohit/.atom/recovery/duns_number-4eb4a5.py'
Couldn't retain /home/rohit/.atom/recovery/duns_number-5760a2.py. Code: ENOENT. Message: ENOENT: no such file or directory, open '/home/rohit/.atom/recovery/duns_number-5760a2.py'
Couldn't retain /home/rohit/.atom/recovery/duns_number-db9672.py. Code: ENOENT. Message: ENOENT: no such file or directory, open '/home/rohit/.atom/recovery/duns_number-db9672.py'
Couldn't retain /home/rohit/.atom/recovery/duns_number-6e37ed.py. Code: ENOENT. Message: ENOENT: no such file or directory, open '/home/rohit/.atom/recovery/duns_number-6e37ed.py'
Couldn't retain /home/rohit/.atom/recovery/duns_number-c9798e.py. Code: ENOENT. Message: ENOENT: no such file or directory, open '/home/rohit/.atom/recovery/duns_number-c9798e.py'
Couldn't retain /home/rohit/.atom/recovery/duns_number-2de489.py. Code: ENOENT. Message: ENOENT: no such file or directory, open '/home/rohit/.atom/recovery/duns_number-2de489.py'
Couldn't retain /home/rohit/.atom/recovery/duns_number-333a43.py. Code: ENOENT. Message: ENOENT: no such file or directory, open '/home/rohit/.atom/recovery/duns_number-333a43.py'
Couldn't retain /home/rohit/.atom/recovery/duns_number-f08464.py. Code: ENOENT. Message: ENOENT: no such file or directory, open '/home/rohit/.atom/recovery/duns_number-f08464.py'
Couldn't retain /home/rohit/.atom/recovery/duns_number-180a8d.py. Code: ENOENT. Message: ENOENT: no such file or directory, open '/home/rohit/.atom/recovery/duns_number-180a8d.py'
Couldn't retain /home/rohit/.atom/recovery/duns_number-542468.py. Code: ENOENT. Message: ENOENT: no such file or directory, open '/home/rohit/.atom/recovery/duns_number-542468.py'
Couldn't retain /home/rohit/.atom/recovery/duns_number-56f103.py. Code: ENOENT. Message: ENOENT: no such file or directory, open '/home/rohit/.atom/recovery/duns_number-56f103.py'
Couldn't retain /home/rohit/.atom/recovery/duns_number-9f1349.py. Code: ENOENT. Message: ENOENT: no such file or directory, open '/home/rohit/.atom/recovery/duns_number-9f1349.py'
Couldn't retain /home/rohit/.atom/recovery/duns_number-2eb520.py. Code: ENOENT. Message: ENOENT: no such file or directory, open '/home/rohit/.atom/recovery/duns_number-2eb520.py'
Couldn't retain /home/rohit/.atom/recovery/duns_number-6f0af1.py. Code: ENOENT. Message: ENOENT: no such file or directory, open '/home/rohit/.atom/recovery/duns_number-6f0af1.py'
Couldn't retain /home/rohit/.atom/recovery/duns_number-50575c.py. Code: ENOENT. Message: ENOENT: no such file or directory, open '/home/rohit/.atom/recovery/duns_number-50575c.py'
Couldn't retain /home/rohit/.atom/recovery/duns_number-b51572.py. Code: ENOENT. Message: ENOENT: no such file or directory, open '/home/rohit/.atom/recovery/duns_number-b51572.py'
Couldn't retain /home/rohit/.atom/recovery/duns_number-aad4e4.py. Code: ENOENT. Message: ENOENT: no such file or directory, open '/home/rohit/.atom/recovery/duns_number-aad4e4.py'
Couldn't retain /home/rohit/.atom/recovery/duns_number-942feb.py. Code: ENOENT. Message: ENOENT: no such file or directory, open '/home/rohit/.atom/recovery/duns_number-942feb.py'
Couldn't retain /home/rohit/.atom/recovery/duns_number-dbe5f3.py. Code: ENOENT. Message: ENOENT: no such file or directory, open '/home/rohit/.atom/recovery/duns_number-dbe5f3.py'
Couldn't retain /home/rohit/.atom/recovery/duns_number-5b1b57.py. Code: ENOENT. Message: ENOENT: no such file or directory, open '/home/rohit/.atom/recovery/duns_number-5b1b57.py'
Couldn't retain /home/rohit/.atom/recovery/duns_number-0efcdf.py. Code: ENOENT. Message: ENOENT: no such file or directory, open '/home/rohit/.atom/recovery/duns_number-0efcdf.py'
Couldn't retain /home/rohit/.atom/recovery/duns_number-fd5266.py. Code: ENOENT. Message: ENOENT: no such file or directory, open '/home/rohit/.atom/recovery/duns_number-fd5266.py'
Couldn't retain /home/rohit/.atom/recovery/duns_number-6538c9.py. Code: ENOENT. Message: ENOENT: no such file or directory, open '/home/rohit/.atom/recovery/duns_number-6538c9.py'
Couldn't retain /home/rohit/.atom/recovery/duns_number-8e674b.py. Code: ENOENT. Message: ENOENT: no such file or directory, open '/home/rohit/.atom/recovery/duns_number-8e674b.py'
Couldn't retain /home/rohit/.atom/recovery/duns_number-b9bb65.py. Code: ENOENT. Message: ENOENT: no such file or directory, open '/home/rohit/.atom/recovery/duns_number-b9bb65.py'
Couldn't retain /home/rohit/.atom/recovery/duns_number-b87f82.py. Code: ENOENT. Message: ENOENT: no such file or directory, open '/home/rohit/.atom/recovery/duns_number-b87f82.py'
Couldn't retain /home/rohit/.atom/recovery/duns_number-a7a351.py. Code: ENOENT. Message: ENOENT: no such file or directory, open '/home/rohit/.atom/recovery/duns_number-a7a351.py'
Couldn't retain /home/rohit/.atom/recovery/duns_number-1198b0.py. Code: ENOENT. Message: ENOENT: no such file or directory, open '/home/rohit/.atom/recovery/duns_number-1198b0.py'
Couldn't retain /home/rohit/.atom/recovery/duns_number-c47ae5.py. Code: ENOENT. Message: ENOENT: no such file or directory, open '/home/rohit/.atom/recovery/duns_number-c47ae5.py'
Couldn't retain /home/rohit/.atom/recovery/duns_number-ef0567.py. Code: ENOENT. Message: ENOENT: no such file or directory, open '/home/rohit/.atom/recovery/duns_number-ef0567.py'
Couldn't retain /home/rohit/.atom/recovery/duns_number-11e6d9.py. Code: ENOENT. Message: ENOENT: no such file or directory, open '/home/rohit/.atom/recovery/duns_number-11e6d9.py'
Couldn't retain /home/rohit/.atom/recovery/duns_number-0ecad1.py. Code: ENOENT. Message: ENOENT: no such file or directory, open '/home/rohit/.atom/recovery/duns_number-0ecad1.py'
Couldn't retain /home/rohit/.atom/recovery/duns_number-105492.py. Code: ENOENT. Message: ENOENT: no such file or directory, open '/home/rohit/.atom/recovery/duns_number-105492.py'
Couldn't retain /home/rohit/.atom/recovery/duns_number-e66736.py. Code: ENOENT. Message: ENOENT: no such file or directory, open '/home/rohit/.atom/recovery/duns_number-e66736.py'
Couldn't retain /home/rohit/.atom/recovery/duns_number-499b20.py. Code: ENOENT. Message: ENOENT: no such file or directory, open '/home/rohit/.atom/recovery/duns_number-499b20.py'
Couldn't retain /home/rohit/.atom/recovery/duns_number-282339.py. Code: ENOENT. Message: ENOENT: no such file or directory, open '/home/rohit/.atom/recovery/duns_number-282339.py'
Couldn't retain /home/rohit/.atom/recovery/country-4bac01.json. Code: ENOENT. Message: ENOENT: no such file or directory, open '/home/rohit/.atom/recovery/country-4bac01.json'
Couldn't retain /home/rohit/.atom/recovery/country-7c3236.json. Code: ENOENT. Message: ENOENT: no such file or directory, open '/home/rohit/.atom/recovery/country-7c3236.json'
Couldn't retain /home/rohit/.atom/recovery/country-9b0873.json. Code: ENOENT. Message: ENOENT: no such file or directory, open '/home/rohit/.atom/recovery/country-9b0873.json'
Couldn't retain /home/rohit/.atom/recovery/domains-35be6d.json. Code: ENOENT. Message: ENOENT: no such file or directory, open '/home/rohit/.atom/recovery/domains-35be6d.json'
Couldn't retain /home/rohit/.atom/recovery/domains-d62d8e.json. Code: ENOENT. Message: ENOENT: no such file or directory, open '/home/rohit/.atom/recovery/domains-d62d8e.json'
Couldn't retain /home/rohit/.atom/recovery/domains-6cbf0a.json. Code: ENOENT. Message: ENOENT: no such file or directory, open '/home/rohit/.atom/recovery/domains-6cbf0a.json'
Couldn't retain /home/rohit/.atom/recovery/download_generic-2c88f6.py. Code: ENOENT. Message: ENOENT: no such file or directory, open '/home/rohit/.atom/recovery/download_generic-2c88f6.py'
Couldn't retain /home/rohit/.atom/recovery/download_generic-1350db.py. Code: ENOENT. Message: ENOENT: no such file or directory, open '/home/rohit/.atom/recovery/download_generic-1350db.py'
Couldn't retain /home/rohit/.atom/recovery/domains-64d43d.py. Code: ENOENT. Message: ENOENT: no such file or directory, open '/home/rohit/.atom/recovery/domains-64d43d.py'
Couldn't retain /home/rohit/.atom/recovery/domains-661df9.py. Code: ENOENT. Message: ENOENT: no such file or directory, open '/home/rohit/.atom/recovery/domains-661df9.py'
Couldn't retain /home/rohit/.atom/recovery/domains-e26144.py. Code: ENOENT. Message: ENOENT: no such file or directory, open '/home/rohit/.atom/recovery/domains-e26144.py'
Couldn't retain /home/rohit/.atom/recovery/domains-bd1dc6.py. Code: ENOENT. Message: ENOENT: no such file or directory, open '/home/rohit/.atom/recovery/domains-bd1dc6.py'
Couldn't retain /home/rohit/.atom/recovery/domains-1b1ed3.json. Code: ENOENT. Message: ENOENT: no such file or directory, open '/home/rohit/.atom/recovery/domains-1b1ed3.json'
Attempting to call a function in a renderer window that has been closed or released.
Function provided here: worker.js:71:22
Remote event names: destroyed, crashed
